[10:32:59] Explicit valence for atom # 17 O, 3, is greater than permitted
[10:33:09] Explicit valence for atom # 19 N, 4, is greater than permitted
[10:33:09] Explicit valence for atom # 4 N, 4, is greater than permitted
[10:33:09] Explicit valence for atom # 10 N, 4, is greater than permitted
[10:33:09] Explicit valence for atom # 10 N, 4, is greater than permitted
[10:33:14] Explicit valence for atom # 1 N, 4, is greater than permitted
[10:33:14] Explicit valence for atom # 1 N, 4, is greater than permitted
[10:33:14] Explicit valence for atom # 13 N, 4, is greater than permitted
[10:33:14] Explicit valence for atom # 17 N, 4, is greater than permitted
[10:33:16] Can't kekulize mol 

[10:33:16] Can't kekulize mol 

[10:33:16] Can't kekulize mol 

[10:33:16] Can't kekulize mol 

[10:33:16] Can't kekulize mol 

[10:33:16] Can't kekulize mol 

[10:33:16] Can't kekulize mol 

[10:33:16] Can't kekulize mol 

[10:33:16] Can't kekulize mol 

[10:33:16] Can't kekulize mol 

[10:33:16] Can't kekulize mol 

[10:33:16] Can't kekulize mol 

[10:33:16] Can't kekulize mol 

[10:33:16] Can't kekulize mol 

[10:33:16] Can't kekulize mol 

[10:33:16] Can't kekulize mol 

[10:33:16] Can't kekulize mol 

[10:33:16] Can't kekulize mol 

[10:33:16] Can't kekulize mol 

[10:33:16] Can't kekulize mol 

[10:33:16] Can't kekulize mol 

[10:33:16] Can't kekulize mol 

[10:33:16] Can't kekulize mol 

[10:33:16] Can't kekulize mol 

[10:33:16] Can't kekulize mol 

[10:33:16] Can't kekulize mol 

[10:33:16] Can't kekulize mol 

[10:33:16] Can't kekulize mol 

[10:33:16] Can't kekulize mol 

[10:33:16] Can't kekulize mol 

[10:33:16] Can't kekulize mol 

[10:33:16] Can't kekulize mol 

[10:33:16] Can't kekulize mol 

[10:33:16] Can't kekulize mol 

[10:33:16] Can't kekulize mol 

[10:33:16] Can't kekulize mol 

[10:33:16] Can't kekulize mol 

[10:33:16] Can't kekulize mol 

[10:33:16] Can't kekulize mol 

[10:33:16] Can't kekulize mol 

[10:33:16] Can't kekulize mol 

[10:33:16] Can't kekulize mol 

[10:33:16] Can't kekulize mol 

[10:33:16] Can't kekulize mol 

[10:33:16] Can't kekulize mol 

[10:33:16] Can't kekulize mol 

[10:33:16] Can't kekulize mol 

[10:33:16] Can't kekulize mol 

[10:33:16] Can't kekulize mol 

[10:33:16] Can't kekulize mol 

[10:33:16] Can't kekulize mol 

[10:33:16] Can't kekulize mol 

[10:33:16] Can't kekulize mol 

[10:33:16] Can't kekulize mol 

[10:33:16] Can't kekulize mol 

[10:33:16] Can't kekulize mol 

[10:33:16] Can't kekulize mol 

[10:33:16] Can't kekulize mol 

[10:33:16] Can't kekulize mol 

[10:33:16] Can't kekulize mol 

[10:33:16] Can't kekulize mol 

[10:33:16] Can't kekulize mol 

[10:33:16] Can't kekulize mol 

[10:33:16] Can't kekulize mol 

[10:33:16] Can't kekulize mol 

[10:33:16] Can't kekulize mol 

[10:33:16] Can't kekulize mol 

[10:33:16] Can't kekulize mol 

[10:33:16] Can't kekulize mol 

[10:33:16] Can't kekulize mol 

[10:33:16] Can't kekulize mol 

[10:33:16] Can't kekulize mol 

[10:33:16] Can't kekulize mol 

[10:33:16] Can't kekulize mol 

[10:33:16] Can't kekulize mol 

[10:33:16] Can't kekulize mol 

[10:33:16] Can't kekulize mol 

[10:33:16] Can't kekulize mol 

[10:33:16] Can't kekulize mol 

[10:33:16] Can't kekulize mol 

[10:33:16] Can't kekulize mol 

[10:33:16] Can't kekulize mol 

[10:33:16] Can't kekulize mol 

[10:33:16] Can't kekulize mol 

[10:33:16] Can't kekulize mol 

[10:33:16] Can't kekulize mol 

[10:33:16] Can't kekulize mol 

[10:33:16] Can't kekulize mol 

[10:33:16] Can't kekulize mol 

[10:33:16] Can't kekulize mol 

[10:33:16] Can't kekulize mol 

[10:33:16] Can't kekulize mol 

[10:33:16] Can't kekulize mol 

[10:33:16] Can't kekulize mol 

[10:33:16] Can't kekulize mol 

[10:33:16] Can't kekulize mol 

[10:33:16] Can't kekulize mol 

[10:33:16] Can't kekulize mol 

[10:33:16] Can't kekulize mol 

[10:33:16] Can't kekulize mol 

[10:33:16] Can't kekulize mol 

[10:33:16] Can't kekulize mol 

[10:33:16] Can't kekulize mol 

[10:33:16] Can't kekulize mol 

[10:33:16] Can't kekulize mol 

[10:33:16] Can't kekulize mol 

[10:33:16] Can't kekulize mol 

[10:33:16] Can't kekulize mol 

[10:33:16] Can't kekulize mol 

[10:33:16] Can't kekulize mol 

[10:33:16] Can't kekulize mol 

[10:33:16] Can't kekulize mol 

[10:33:16] Can't kekulize mol 

[10:33:16] Can't kekulize mol 

[10:33:16] Can't kekulize mol 

[10:33:16] Can't kekulize mol 

[10:33:16] Can't kekulize mol 

[10:33:16] Can't kekulize mol 

[10:33:16] Can't kekulize mol 

[10:33:16] Can't kekulize mol 

[10:33:16] Can't kekulize mol 

[10:33:16] Can't kekulize mol 

[10:33:16] Can't kekulize mol 

[10:33:16] Can't kekulize mol 

[10:33:16] Can't kekulize mol 

[10:33:16] Can't kekulize mol 

[10:33:16] Can't kekulize mol 

[10:33:16] Can't kekulize mol 

[10:33:16] Can't kekulize mol 

[10:33:16] Can't kekulize mol 

[10:33:16] Can't kekulize mol 

[10:33:16] Can't kekulize mol 

[10:33:16] Can't kekulize mol 

[10:33:16] Can't kekulize mol 

[10:33:16] Can't kekulize mol 

[10:33:16] Can't kekulize mol 

[10:33:16] Can't kekulize mol 

[10:33:16] Can't kekulize mol 

[10:33:16] Can't kekulize mol 

[10:33:16] Can't kekulize mol 

[10:33:16] Can't kekulize mol 

[10:33:16] Can't kekulize mol 

[10:33:16] Can't kekulize mol 

[10:33:16] Can't kekulize mol 

[10:33:16] Can't kekulize mol 

[10:33:16] Can't kekulize mol 

[10:33:16] Can't kekulize mol 

[10:33:16] Can't kekulize mol 

[10:33:16] Can't kekulize mol 

[10:33:16] Can't kekulize mol 

[10:33:16] Can't kekulize mol 

[10:33:16] Can't kekulize mol 

[10:33:16] Can't kekulize mol 

[10:33:16] Can't kekulize mol 

[10:33:16] Can't kekulize mol 

[10:33:16] Can't kekulize mol 

[10:33:16] Can't kekulize mol 

[10:33:16] Can't kekulize mol 

[10:33:16] Can't kekulize mol 

[10:33:16] Can't kekulize mol 

[10:33:16] Can't kekulize mol 

[10:33:16] Can't kekulize mol 

[10:33:16] Can't kekulize mol 

[10:33:16] Can't kekulize mol 

[10:33:16] Can't kekulize mol 

[10:33:16] Can't kekulize mol 

[10:33:16] Can't kekulize mol 

[10:33:16] Can't kekulize mol 

[10:33:16] Can't kekulize mol 

[10:33:16] Can't kekulize mol 

[10:33:16] Can't kekulize mol 

[10:33:16] Can't kekulize mol 

[10:33:16] Can't kekulize mol 

[10:33:16] Can't kekulize mol 

[10:33:16] Can't kekulize mol 

[10:33:16] Can't kekulize mol 

[10:33:16] Can't kekulize mol 

[10:33:16] Can't kekulize mol 

[10:33:16] Can't kekulize mol 

[10:33:16] Can't kekulize mol 

[10:33:16] Can't kekulize mol 

[10:33:16] Can't kekulize mol 

[10:33:16] Can't kekulize mol 

[10:33:16] Can't kekulize mol 

[10:33:16] Can't kekulize mol 

[10:33:16] Can't kekulize mol 

[10:33:16] Can't kekulize mol 

[10:33:16] Can't kekulize mol 

[10:33:16] Can't kekulize mol 

[10:33:16] Can't kekulize mol 

[10:33:16] Can't kekulize mol 

[10:33:16] Can't kekulize mol 

[10:33:16] Can't kekulize mol 

[10:33:16] Can't kekulize mol 

[10:33:16] Can't kekulize mol 

[10:33:16] Can't kekulize mol 

[10:33:16] Can't kekulize mol 

[10:33:16] Can't kekulize mol 

[10:33:16] Can't kekulize mol 

[10:33:16] Can't kekulize mol 

[10:33:16] Can't kekulize mol 

[10:33:16] Can't kekulize mol 

[10:33:16] Can't kekulize mol 

[10:33:16] Can't kekulize mol 

[10:33:16] Can't kekulize mol 

[10:33:16] Can't kekulize mol 

[10:33:16] Can't kekulize mol 

[10:33:16] Can't kekulize mol 

[10:33:16] Can't kekulize mol 

[10:33:16] Can't kekulize mol 

[10:33:16] Can't kekulize mol 

[10:33:16] Can't kekulize mol 

[10:33:16] Can't kekulize mol 

[10:33:16] Can't kekulize mol 

[10:33:16] Can't kekulize mol 

[10:33:16] Can't kekulize mol 

[10:33:16] Can't kekulize mol 

[10:33:16] Can't kekulize mol 

[10:33:23] Explicit valence for atom # 23 N, 4, is greater than permitted
[10:33:23] Explicit valence for atom # 23 N, 4, is greater than permitted
[10:33:23] Explicit valence for atom # 8 N, 4, is greater than permitted
[10:33:23] Explicit valence for atom # 8 N, 4, is greater than permitted
[10:33:23] Explicit valence for atom # 8 N, 4, is greater than permitted
[10:33:24] Explicit valence for atom # 1 N, 4, is greater than permitted
[10:33:24] Explicit valence for atom # 0 N, 4, is greater than permitted
[10:33:24] Explicit valence for atom # 0 N, 4, is greater than permitted
[10:33:26] Can't kekulize mol 

[10:33:28] Can't kekulize mol 

[10:33:28] Can't kekulize mol 

[10:33:28] Can't kekulize mol 

[10:33:28] Can't kekulize mol 

[10:33:28] Can't kekulize mol 

[10:33:28] Can't kekulize mol 

[10:33:28] Can't kekulize mol 

[10:33:28] Can't kekulize mol 

[10:33:28] Can't kekulize mol 

[10:33:28] Can't kekulize mol 

[10:33:28] Can't kekulize mol 

[10:33:28] Can't kekulize mol 

[10:33:28] Can't kekulize mol 

[10:33:28] Can't kekulize mol 

[10:33:28] Can't kekulize mol 

[10:33:28] Can't kekulize mol 

[10:33:28] Can't kekulize mol 

[10:33:28] Can't kekulize mol 

[10:33:28] Can't kekulize mol 

[10:33:28] Can't kekulize mol 

[10:33:28] Can't kekulize mol 

[10:33:28] Can't kekulize mol 

[10:33:28] Can't kekulize mol 

[10:33:28] Can't kekulize mol 

[10:33:28] Can't kekulize mol 

[10:33:28] Can't kekulize mol 

[10:33:28] Explicit valence for atom # 34 N, 4, is greater than permitted
[10:33:28] Can't kekulize mol 

[10:33:28] Can't kekulize mol 

[10:33:28] Can't kekulize mol 

[10:33:28] Can't kekulize mol 

[10:33:29] Explicit valence for atom # 27 N, 4, is greater than permitted
[10:33:29] Explicit valence for atom # 32 N, 4, is greater than permitted
[10:33:32] Explicit valence for atom # 1 N, 4, is greater than permitted
[10:33:33] Can't kekulize mol 

[10:33:33] Can't kekulize mol 

[10:33:33] Can't kekulize mol 

[10:33:33] Can't kekulize mol 

[10:33:33] Explicit valence for atom # 4 N, 4, is greater than permitted
[10:33:34] Can't kekulize mol 

[10:33:34] Explicit valence for atom # 1 N, 4, is greater than permitted
[10:33:35] Explicit valence for atom # 6 N, 4, is greater than permitted
[10:33:36] Explicit valence for atom # 32 N, 4, is greater than permitted
[10:33:38] Can't kekulize mol 

[10:33:38] Can't kekulize mol 

[10:33:38] Can't kekulize mol 

srun: Job step aborted: Waiting up to 32 seconds for job step to finish.
slurmstepd: error: *** JOB 3674982 ON node100 CANCELLED AT 2018-05-17T10:34:54 ***
slurmstepd: error: *** STEP 3674982.0 ON node100 CANCELLED AT 2018-05-17T10:34:54 ***
