[03:58:13] Explicit valence for atom # 17 O, 3, is greater than permitted
[03:58:24] Explicit valence for atom # 19 N, 4, is greater than permitted
[03:58:24] Explicit valence for atom # 4 N, 4, is greater than permitted
[03:58:24] Explicit valence for atom # 10 N, 4, is greater than permitted
[03:58:24] Explicit valence for atom # 10 N, 4, is greater than permitted
[03:58:28] Explicit valence for atom # 1 N, 4, is greater than permitted
[03:58:28] Explicit valence for atom # 1 N, 4, is greater than permitted
[03:58:28] Explicit valence for atom # 13 N, 4, is greater than permitted
[03:58:28] Explicit valence for atom # 17 N, 4, is greater than permitted
[03:58:31] Can't kekulize mol 

[03:58:31] Can't kekulize mol 

[03:58:31] Can't kekulize mol 

[03:58:31] Can't kekulize mol 

[03:58:31] Can't kekulize mol 

[03:58:31] Can't kekulize mol 

[03:58:31] Can't kekulize mol 

[03:58:31] Can't kekulize mol 

[03:58:31] Can't kekulize mol 

[03:58:31] Can't kekulize mol 

[03:58:31] Can't kekulize mol 

[03:58:31] Can't kekulize mol 

[03:58:31] Can't kekulize mol 

[03:58:31] Can't kekulize mol 

[03:58:31] Can't kekulize mol 

[03:58:31] Can't kekulize mol 

[03:58:31] Can't kekulize mol 

[03:58:31] Can't kekulize mol 

[03:58:31] Can't kekulize mol 

[03:58:31] Can't kekulize mol 

[03:58:31] Can't kekulize mol 

[03:58:31] Can't kekulize mol 

[03:58:31] Can't kekulize mol 

[03:58:31] Can't kekulize mol 

[03:58:31] Can't kekulize mol 

[03:58:31] Can't kekulize mol 

[03:58:31] Can't kekulize mol 

[03:58:31] Can't kekulize mol 

[03:58:31] Can't kekulize mol 

[03:58:31] Can't kekulize mol 

[03:58:31] Can't kekulize mol 

[03:58:31] Can't kekulize mol 

[03:58:31] Can't kekulize mol 

[03:58:31] Can't kekulize mol 

[03:58:31] Can't kekulize mol 

[03:58:31] Can't kekulize mol 

[03:58:31] Can't kekulize mol 

[03:58:31] Can't kekulize mol 

[03:58:31] Can't kekulize mol 

[03:58:31] Can't kekulize mol 

[03:58:31] Can't kekulize mol 

[03:58:31] Can't kekulize mol 

[03:58:31] Can't kekulize mol 

[03:58:31] Can't kekulize mol 

[03:58:31] Can't kekulize mol 

[03:58:31] Can't kekulize mol 

[03:58:31] Can't kekulize mol 

[03:58:31] Can't kekulize mol 

[03:58:31] Can't kekulize mol 

[03:58:31] Can't kekulize mol 

[03:58:31] Can't kekulize mol 

[03:58:31] Can't kekulize mol 

[03:58:31] Can't kekulize mol 

[03:58:31] Can't kekulize mol 

[03:58:31] Can't kekulize mol 

[03:58:31] Can't kekulize mol 

[03:58:31] Can't kekulize mol 

[03:58:31] Can't kekulize mol 

[03:58:31] Can't kekulize mol 

[03:58:31] Can't kekulize mol 

[03:58:31] Can't kekulize mol 

[03:58:31] Can't kekulize mol 

[03:58:31] Can't kekulize mol 

[03:58:31] Can't kekulize mol 

[03:58:31] Can't kekulize mol 

[03:58:31] Can't kekulize mol 

[03:58:31] Can't kekulize mol 

[03:58:31] Can't kekulize mol 

[03:58:31] Can't kekulize mol 

[03:58:31] Can't kekulize mol 

[03:58:31] Can't kekulize mol 

[03:58:31] Can't kekulize mol 

[03:58:31] Can't kekulize mol 

[03:58:31] Can't kekulize mol 

[03:58:31] Can't kekulize mol 

[03:58:31] Can't kekulize mol 

[03:58:31] Can't kekulize mol 

[03:58:31] Can't kekulize mol 

[03:58:31] Can't kekulize mol 

[03:58:31] Can't kekulize mol 

[03:58:31] Can't kekulize mol 

[03:58:31] Can't kekulize mol 

[03:58:31] Can't kekulize mol 

[03:58:31] Can't kekulize mol 

[03:58:31] Can't kekulize mol 

[03:58:31] Can't kekulize mol 

[03:58:31] Can't kekulize mol 

[03:58:31] Can't kekulize mol 

[03:58:31] Can't kekulize mol 

[03:58:31] Can't kekulize mol 

[03:58:31] Can't kekulize mol 

[03:58:31] Can't kekulize mol 

[03:58:31] Can't kekulize mol 

[03:58:31] Can't kekulize mol 

[03:58:31] Can't kekulize mol 

[03:58:31] Can't kekulize mol 

[03:58:31] Can't kekulize mol 

[03:58:31] Can't kekulize mol 

[03:58:31] Can't kekulize mol 

[03:58:31] Can't kekulize mol 

[03:58:31] Can't kekulize mol 

[03:58:31] Can't kekulize mol 

[03:58:31] Can't kekulize mol 

[03:58:31] Can't kekulize mol 

[03:58:31] Can't kekulize mol 

[03:58:31] Can't kekulize mol 

[03:58:31] Can't kekulize mol 

[03:58:31] Can't kekulize mol 

[03:58:31] Can't kekulize mol 

[03:58:31] Can't kekulize mol 

[03:58:31] Can't kekulize mol 

[03:58:31] Can't kekulize mol 

[03:58:31] Can't kekulize mol 

[03:58:31] Can't kekulize mol 

[03:58:31] Can't kekulize mol 

[03:58:31] Can't kekulize mol 

[03:58:31] Can't kekulize mol 

[03:58:31] Can't kekulize mol 

[03:58:31] Can't kekulize mol 

[03:58:31] Can't kekulize mol 

[03:58:31] Can't kekulize mol 

[03:58:31] Can't kekulize mol 

[03:58:31] Can't kekulize mol 

[03:58:31] Can't kekulize mol 

[03:58:31] Can't kekulize mol 

[03:58:31] Can't kekulize mol 

[03:58:31] Can't kekulize mol 

[03:58:31] Can't kekulize mol 

[03:58:31] Can't kekulize mol 

[03:58:31] Can't kekulize mol 

[03:58:31] Can't kekulize mol 

[03:58:31] Can't kekulize mol 

[03:58:31] Can't kekulize mol 

[03:58:31] Can't kekulize mol 

[03:58:31] Can't kekulize mol 

[03:58:31] Can't kekulize mol 

[03:58:31] Can't kekulize mol 

[03:58:31] Can't kekulize mol 

[03:58:31] Can't kekulize mol 

[03:58:31] Can't kekulize mol 

[03:58:31] Can't kekulize mol 

[03:58:31] Can't kekulize mol 

[03:58:31] Can't kekulize mol 

[03:58:31] Can't kekulize mol 

[03:58:31] Can't kekulize mol 

[03:58:31] Can't kekulize mol 

[03:58:31] Can't kekulize mol 

[03:58:31] Can't kekulize mol 

[03:58:31] Can't kekulize mol 

[03:58:31] Can't kekulize mol 

[03:58:31] Can't kekulize mol 

[03:58:31] Can't kekulize mol 

[03:58:31] Can't kekulize mol 

[03:58:31] Can't kekulize mol 

[03:58:31] Can't kekulize mol 

[03:58:31] Can't kekulize mol 

[03:58:31] Can't kekulize mol 

[03:58:31] Can't kekulize mol 

[03:58:31] Can't kekulize mol 

[03:58:31] Can't kekulize mol 

[03:58:31] Can't kekulize mol 

[03:58:31] Can't kekulize mol 

[03:58:31] Can't kekulize mol 

[03:58:31] Can't kekulize mol 

[03:58:31] Can't kekulize mol 

[03:58:31] Can't kekulize mol 

[03:58:31] Can't kekulize mol 

[03:58:31] Can't kekulize mol 

[03:58:31] Can't kekulize mol 

[03:58:31] Can't kekulize mol 

[03:58:31] Can't kekulize mol 

[03:58:31] Can't kekulize mol 

[03:58:31] Can't kekulize mol 

[03:58:31] Can't kekulize mol 

[03:58:31] Can't kekulize mol 

[03:58:31] Can't kekulize mol 

[03:58:31] Can't kekulize mol 

[03:58:31] Can't kekulize mol 

[03:58:31] Can't kekulize mol 

[03:58:31] Can't kekulize mol 

[03:58:31] Can't kekulize mol 

[03:58:31] Can't kekulize mol 

[03:58:31] Can't kekulize mol 

[03:58:31] Can't kekulize mol 

[03:58:31] Can't kekulize mol 

[03:58:31] Can't kekulize mol 

[03:58:31] Can't kekulize mol 

[03:58:31] Can't kekulize mol 

[03:58:31] Can't kekulize mol 

[03:58:31] Can't kekulize mol 

[03:58:31] Can't kekulize mol 

[03:58:31] Can't kekulize mol 

[03:58:31] Can't kekulize mol 

[03:58:31] Can't kekulize mol 

[03:58:31] Can't kekulize mol 

[03:58:31] Can't kekulize mol 

[03:58:31] Can't kekulize mol 

[03:58:31] Can't kekulize mol 

[03:58:31] Can't kekulize mol 

[03:58:31] Can't kekulize mol 

[03:58:31] Can't kekulize mol 

[03:58:31] Can't kekulize mol 

[03:58:31] Can't kekulize mol 

[03:58:31] Can't kekulize mol 

[03:58:31] Can't kekulize mol 

[03:58:31] Can't kekulize mol 

[03:58:31] Can't kekulize mol 

[03:58:31] Can't kekulize mol 

[03:58:31] Can't kekulize mol 

[03:58:31] Can't kekulize mol 

[03:58:31] Can't kekulize mol 

[03:58:31] Can't kekulize mol 

[03:58:31] Can't kekulize mol 

[03:58:31] Can't kekulize mol 

[03:58:31] Can't kekulize mol 

[03:58:31] Can't kekulize mol 

[03:58:31] Can't kekulize mol 

[03:58:31] Can't kekulize mol 

[03:58:37] Explicit valence for atom # 23 N, 4, is greater than permitted
[03:58:37] Explicit valence for atom # 23 N, 4, is greater than permitted
[03:58:37] Explicit valence for atom # 8 N, 4, is greater than permitted
[03:58:37] Explicit valence for atom # 8 N, 4, is greater than permitted
[03:58:38] Explicit valence for atom # 8 N, 4, is greater than permitted
[03:58:39] Explicit valence for atom # 1 N, 4, is greater than permitted
[03:58:39] Explicit valence for atom # 0 N, 4, is greater than permitted
[03:58:39] Explicit valence for atom # 0 N, 4, is greater than permitted
[03:58:40] Can't kekulize mol 

[03:58:43] Can't kekulize mol 

[03:58:43] Can't kekulize mol 

[03:58:43] Can't kekulize mol 

[03:58:43] Can't kekulize mol 

[03:58:43] Can't kekulize mol 

[03:58:43] Can't kekulize mol 

[03:58:43] Can't kekulize mol 

[03:58:43] Can't kekulize mol 

[03:58:43] Can't kekulize mol 

[03:58:43] Can't kekulize mol 

[03:58:43] Can't kekulize mol 

[03:58:43] Can't kekulize mol 

[03:58:43] Can't kekulize mol 

[03:58:43] Can't kekulize mol 

[03:58:43] Can't kekulize mol 

[03:58:43] Can't kekulize mol 

[03:58:43] Can't kekulize mol 

[03:58:43] Can't kekulize mol 

[03:58:43] Can't kekulize mol 

[03:58:43] Can't kekulize mol 

[03:58:43] Can't kekulize mol 

[03:58:43] Can't kekulize mol 

[03:58:43] Can't kekulize mol 

[03:58:43] Can't kekulize mol 

[03:58:43] Can't kekulize mol 

[03:58:43] Can't kekulize mol 

[03:58:43] Explicit valence for atom # 34 N, 4, is greater than permitted
[03:58:43] Can't kekulize mol 

[03:58:43] Can't kekulize mol 

[03:58:43] Can't kekulize mol 

[03:58:43] Can't kekulize mol 

[03:58:43] Explicit valence for atom # 27 N, 4, is greater than permitted
[03:58:43] Explicit valence for atom # 32 N, 4, is greater than permitted
[03:58:47] Explicit valence for atom # 1 N, 4, is greater than permitted
[03:58:47] Can't kekulize mol 

[03:58:47] Can't kekulize mol 

[03:58:47] Can't kekulize mol 

[03:58:47] Can't kekulize mol 

[03:58:48] Explicit valence for atom # 4 N, 4, is greater than permitted
[03:58:49] Can't kekulize mol 

[03:58:49] Explicit valence for atom # 1 N, 4, is greater than permitted
[03:58:50] Explicit valence for atom # 6 N, 4, is greater than permitted
[03:58:51] Explicit valence for atom # 32 N, 4, is greater than permitted
[03:58:53] Can't kekulize mol 

[03:58:53] Can't kekulize mol 

[03:58:53] Can't kekulize mol 

[04:02:42] Explicit valence for atom # 17 O, 3, is greater than permitted
[04:02:53] Explicit valence for atom # 19 N, 4, is greater than permitted
[04:02:53] Explicit valence for atom # 4 N, 4, is greater than permitted
[04:02:53] Explicit valence for atom # 10 N, 4, is greater than permitted
[04:02:53] Explicit valence for atom # 10 N, 4, is greater than permitted
[04:02:57] Explicit valence for atom # 1 N, 4, is greater than permitted
[04:02:57] Explicit valence for atom # 1 N, 4, is greater than permitted
[04:02:57] Explicit valence for atom # 13 N, 4, is greater than permitted
[04:02:57] Explicit valence for atom # 17 N, 4, is greater than permitted
[04:03:00] Can't kekulize mol 

[04:03:00] Can't kekulize mol 

[04:03:00] Can't kekulize mol 

[04:03:00] Can't kekulize mol 

[04:03:00] Can't kekulize mol 

[04:03:00] Can't kekulize mol 

[04:03:00] Can't kekulize mol 

[04:03:00] Can't kekulize mol 

[04:03:00] Can't kekulize mol 

[04:03:00] Can't kekulize mol 

[04:03:00] Can't kekulize mol 

[04:03:00] Can't kekulize mol 

[04:03:00] Can't kekulize mol 

[04:03:00] Can't kekulize mol 

[04:03:00] Can't kekulize mol 

[04:03:00] Can't kekulize mol 

[04:03:00] Can't kekulize mol 

[04:03:00] Can't kekulize mol 

[04:03:00] Can't kekulize mol 

[04:03:00] Can't kekulize mol 

[04:03:00] Can't kekulize mol 

[04:03:00] Can't kekulize mol 

[04:03:00] Can't kekulize mol 

[04:03:00] Can't kekulize mol 

[04:03:00] Can't kekulize mol 

[04:03:00] Can't kekulize mol 

[04:03:00] Can't kekulize mol 

[04:03:00] Can't kekulize mol 

[04:03:00] Can't kekulize mol 

[04:03:00] Can't kekulize mol 

[04:03:00] Can't kekulize mol 

[04:03:00] Can't kekulize mol 

[04:03:00] Can't kekulize mol 

[04:03:00] Can't kekulize mol 

[04:03:00] Can't kekulize mol 

[04:03:00] Can't kekulize mol 

[04:03:00] Can't kekulize mol 

[04:03:00] Can't kekulize mol 

[04:03:00] Can't kekulize mol 

[04:03:00] Can't kekulize mol 

[04:03:00] Can't kekulize mol 

[04:03:00] Can't kekulize mol 

[04:03:00] Can't kekulize mol 

[04:03:00] Can't kekulize mol 

[04:03:00] Can't kekulize mol 

[04:03:00] Can't kekulize mol 

[04:03:00] Can't kekulize mol 

[04:03:00] Can't kekulize mol 

[04:03:00] Can't kekulize mol 

[04:03:00] Can't kekulize mol 

[04:03:00] Can't kekulize mol 

[04:03:00] Can't kekulize mol 

[04:03:00] Can't kekulize mol 

[04:03:00] Can't kekulize mol 

[04:03:00] Can't kekulize mol 

[04:03:00] Can't kekulize mol 

[04:03:00] Can't kekulize mol 

[04:03:00] Can't kekulize mol 

[04:03:00] Can't kekulize mol 

[04:03:00] Can't kekulize mol 

[04:03:00] Can't kekulize mol 

[04:03:00] Can't kekulize mol 

[04:03:00] Can't kekulize mol 

[04:03:00] Can't kekulize mol 

[04:03:00] Can't kekulize mol 

[04:03:00] Can't kekulize mol 

[04:03:00] Can't kekulize mol 

[04:03:00] Can't kekulize mol 

[04:03:00] Can't kekulize mol 

[04:03:00] Can't kekulize mol 

[04:03:00] Can't kekulize mol 

[04:03:00] Can't kekulize mol 

[04:03:00] Can't kekulize mol 

[04:03:00] Can't kekulize mol 

[04:03:00] Can't kekulize mol 

[04:03:00] Can't kekulize mol 

[04:03:00] Can't kekulize mol 

[04:03:00] Can't kekulize mol 

[04:03:00] Can't kekulize mol 

[04:03:00] Can't kekulize mol 

[04:03:00] Can't kekulize mol 

[04:03:00] Can't kekulize mol 

[04:03:00] Can't kekulize mol 

[04:03:00] Can't kekulize mol 

[04:03:00] Can't kekulize mol 

[04:03:00] Can't kekulize mol 

[04:03:00] Can't kekulize mol 

[04:03:00] Can't kekulize mol 

[04:03:00] Can't kekulize mol 

[04:03:00] Can't kekulize mol 

[04:03:00] Can't kekulize mol 

[04:03:00] Can't kekulize mol 

[04:03:00] Can't kekulize mol 

[04:03:00] Can't kekulize mol 

[04:03:00] Can't kekulize mol 

[04:03:00] Can't kekulize mol 

[04:03:00] Can't kekulize mol 

[04:03:00] Can't kekulize mol 

[04:03:00] Can't kekulize mol 

[04:03:00] Can't kekulize mol 

[04:03:00] Can't kekulize mol 

[04:03:00] Can't kekulize mol 

[04:03:00] Can't kekulize mol 

[04:03:00] Can't kekulize mol 

[04:03:00] Can't kekulize mol 

[04:03:00] Can't kekulize mol 

[04:03:00] Can't kekulize mol 

[04:03:00] Can't kekulize mol 

[04:03:00] Can't kekulize mol 

[04:03:00] Can't kekulize mol 

[04:03:00] Can't kekulize mol 

[04:03:00] Can't kekulize mol 

[04:03:00] Can't kekulize mol 

[04:03:00] Can't kekulize mol 

[04:03:00] Can't kekulize mol 

[04:03:00] Can't kekulize mol 

[04:03:00] Can't kekulize mol 

[04:03:00] Can't kekulize mol 

[04:03:00] Can't kekulize mol 

[04:03:00] Can't kekulize mol 

[04:03:00] Can't kekulize mol 

[04:03:00] Can't kekulize mol 

[04:03:00] Can't kekulize mol 

[04:03:00] Can't kekulize mol 

[04:03:00] Can't kekulize mol 

[04:03:00] Can't kekulize mol 

[04:03:00] Can't kekulize mol 

[04:03:00] Can't kekulize mol 

[04:03:00] Can't kekulize mol 

[04:03:00] Can't kekulize mol 

[04:03:00] Can't kekulize mol 

[04:03:00] Can't kekulize mol 

[04:03:00] Can't kekulize mol 

[04:03:00] Can't kekulize mol 

[04:03:00] Can't kekulize mol 

[04:03:00] Can't kekulize mol 

[04:03:00] Can't kekulize mol 

[04:03:00] Can't kekulize mol 

[04:03:00] Can't kekulize mol 

[04:03:00] Can't kekulize mol 

[04:03:00] Can't kekulize mol 

[04:03:00] Can't kekulize mol 

[04:03:00] Can't kekulize mol 

[04:03:00] Can't kekulize mol 

[04:03:00] Can't kekulize mol 

[04:03:00] Can't kekulize mol 

[04:03:00] Can't kekulize mol 

[04:03:00] Can't kekulize mol 

[04:03:00] Can't kekulize mol 

[04:03:00] Can't kekulize mol 

[04:03:00] Can't kekulize mol 

[04:03:00] Can't kekulize mol 

[04:03:00] Can't kekulize mol 

[04:03:00] Can't kekulize mol 

[04:03:00] Can't kekulize mol 

[04:03:00] Can't kekulize mol 

[04:03:00] Can't kekulize mol 

[04:03:00] Can't kekulize mol 

[04:03:00] Can't kekulize mol 

[04:03:00] Can't kekulize mol 

[04:03:00] Can't kekulize mol 

[04:03:00] Can't kekulize mol 

[04:03:00] Can't kekulize mol 

[04:03:00] Can't kekulize mol 

[04:03:00] Can't kekulize mol 

[04:03:00] Can't kekulize mol 

[04:03:00] Can't kekulize mol 

[04:03:00] Can't kekulize mol 

[04:03:00] Can't kekulize mol 

[04:03:00] Can't kekulize mol 

[04:03:00] Can't kekulize mol 

[04:03:00] Can't kekulize mol 

[04:03:00] Can't kekulize mol 

[04:03:00] Can't kekulize mol 

[04:03:00] Can't kekulize mol 

[04:03:00] Can't kekulize mol 

[04:03:00] Can't kekulize mol 

[04:03:00] Can't kekulize mol 

[04:03:00] Can't kekulize mol 

[04:03:00] Can't kekulize mol 

[04:03:00] Can't kekulize mol 

[04:03:00] Can't kekulize mol 

[04:03:00] Can't kekulize mol 

[04:03:00] Can't kekulize mol 

[04:03:00] Can't kekulize mol 

[04:03:00] Can't kekulize mol 

[04:03:00] Can't kekulize mol 

[04:03:00] Can't kekulize mol 

[04:03:00] Can't kekulize mol 

[04:03:00] Can't kekulize mol 

[04:03:00] Can't kekulize mol 

[04:03:00] Can't kekulize mol 

[04:03:00] Can't kekulize mol 

[04:03:00] Can't kekulize mol 

[04:03:00] Can't kekulize mol 

[04:03:00] Can't kekulize mol 

[04:03:00] Can't kekulize mol 

[04:03:00] Can't kekulize mol 

[04:03:00] Can't kekulize mol 

[04:03:00] Can't kekulize mol 

[04:03:00] Can't kekulize mol 

[04:03:00] Can't kekulize mol 

[04:03:00] Can't kekulize mol 

[04:03:00] Can't kekulize mol 

[04:03:00] Can't kekulize mol 

[04:03:00] Can't kekulize mol 

[04:03:00] Can't kekulize mol 

[04:03:00] Can't kekulize mol 

[04:03:00] Can't kekulize mol 

[04:03:00] Can't kekulize mol 

[04:03:00] Can't kekulize mol 

[04:03:00] Can't kekulize mol 

[04:03:00] Can't kekulize mol 

[04:03:00] Can't kekulize mol 

[04:03:00] Can't kekulize mol 

[04:03:00] Can't kekulize mol 

[04:03:00] Can't kekulize mol 

[04:03:00] Can't kekulize mol 

[04:03:06] Explicit valence for atom # 23 N, 4, is greater than permitted
[04:03:06] Explicit valence for atom # 23 N, 4, is greater than permitted
[04:03:06] Explicit valence for atom # 8 N, 4, is greater than permitted
[04:03:07] Explicit valence for atom # 8 N, 4, is greater than permitted
[04:03:07] Explicit valence for atom # 8 N, 4, is greater than permitted
[04:03:08] Explicit valence for atom # 1 N, 4, is greater than permitted
[04:03:08] Explicit valence for atom # 0 N, 4, is greater than permitted
[04:03:08] Explicit valence for atom # 0 N, 4, is greater than permitted
[04:03:09] Can't kekulize mol 

[04:03:12] Can't kekulize mol 

[04:03:12] Can't kekulize mol 

[04:03:12] Can't kekulize mol 

[04:03:12] Can't kekulize mol 

[04:03:12] Can't kekulize mol 

[04:03:12] Can't kekulize mol 

[04:03:12] Can't kekulize mol 

[04:03:12] Can't kekulize mol 

[04:03:12] Can't kekulize mol 

[04:03:12] Can't kekulize mol 

[04:03:12] Can't kekulize mol 

[04:03:12] Can't kekulize mol 

[04:03:12] Can't kekulize mol 

[04:03:12] Can't kekulize mol 

[04:03:12] Can't kekulize mol 

[04:03:12] Can't kekulize mol 

[04:03:12] Can't kekulize mol 

[04:03:12] Can't kekulize mol 

[04:03:12] Can't kekulize mol 

[04:03:12] Can't kekulize mol 

[04:03:12] Can't kekulize mol 

[04:03:12] Can't kekulize mol 

[04:03:12] Can't kekulize mol 

[04:03:12] Can't kekulize mol 

[04:03:12] Can't kekulize mol 

[04:03:12] Can't kekulize mol 

[04:03:12] Explicit valence for atom # 34 N, 4, is greater than permitted
[04:03:12] Can't kekulize mol 

[04:03:12] Can't kekulize mol 

[04:03:12] Can't kekulize mol 

[04:03:12] Can't kekulize mol 

[04:03:13] Explicit valence for atom # 27 N, 4, is greater than permitted
[04:03:13] Explicit valence for atom # 32 N, 4, is greater than permitted
[04:03:16] Explicit valence for atom # 1 N, 4, is greater than permitted
[04:03:17] Can't kekulize mol 

[04:03:17] Can't kekulize mol 

[04:03:17] Can't kekulize mol 

[04:03:17] Can't kekulize mol 

[04:03:17] Explicit valence for atom # 4 N, 4, is greater than permitted
[04:03:18] Can't kekulize mol 

[04:03:18] Explicit valence for atom # 1 N, 4, is greater than permitted
[04:03:19] Explicit valence for atom # 6 N, 4, is greater than permitted
[04:03:20] Explicit valence for atom # 32 N, 4, is greater than permitted
[04:03:22] Can't kekulize mol 

[04:03:22] Can't kekulize mol 

[04:03:22] Can't kekulize mol 

Traceback (most recent call last):
  File "models_tgcn.py", line 349, in <module>
    result = train(tasks, EAGCN_structure, n_den1, n_den2,file_name)
  File "models_tgcn.py", line 188, in train
    model = dti_pred_net(gcn_param, tcn_param)
  File "models_tgcn.py", line 40, in __init__
    self.molfp_bn = nn.BatchNorm1d(140).cuda() if use_cuda() else nn.BatchNorm1d(140)
TypeError: 'bool' object is not callable
srun: error: node100: task 0: Exited with exit code 1
